  scenebasic_uniform.cpp
C:\Users\gamin\Documents\Final year uni\Comp-3015-30-\camera.h(34,19): warning C4244: 'argument': conversion from 'float' to 'int', possible loss of data
  (compiling source file 'scenebasic_uniform.cpp')
  
C:\Users\gamin\Documents\Final year uni\Comp-3015-30-\camera.h(34,13): warning C4244: 'argument': conversion from 'float' to 'int', possible loss of data
  (compiling source file 'scenebasic_uniform.cpp')
  
C:\Users\gamin\Documents\Final year uni\Comp-3015-30-\camera.h(35,19): warning C4244: 'argument': conversion from 'float' to 'int', possible loss of data
  (compiling source file 'scenebasic_uniform.cpp')
  
C:\Users\gamin\Documents\Final year uni\Comp-3015-30-\camera.h(35,13): warning C4244: 'argument': conversion from 'float' to 'int', possible loss of data
  (compiling source file 'scenebasic_uniform.cpp')
  
C:\Users\gamin\Documents\Final year uni\Comp-3015-30-\camera.h(36,19): warning C4244: 'argument': conversion from 'float' to 'int', possible loss of data
  (compiling source file 'scenebasic_uniform.cpp')
  
C:\Users\gamin\Documents\Final year uni\Comp-3015-30-\camera.h(36,13): warning C4244: 'argument': conversion from 'float' to 'int', possible loss of data
  (compiling source file 'scenebasic_uniform.cpp')
  
C:\Users\gamin\Documents\Final year uni\Comp-3015-30-\camera.h(44,18): warning C4244: '=': conversion from 'int' to 'T', possible loss of data
C:\Users\gamin\Documents\Final year uni\Comp-3015-30-\camera.h(44,18): warning C4244:         with
C:\Users\gamin\Documents\Final year uni\Comp-3015-30-\camera.h(44,18): warning C4244:         [
C:\Users\gamin\Documents\Final year uni\Comp-3015-30-\camera.h(44,18): warning C4244:             T=float
C:\Users\gamin\Documents\Final year uni\Comp-3015-30-\camera.h(44,18): warning C4244:         ]
  (compiling source file 'scenebasic_uniform.cpp')
  
C:\Users\gamin\Documents\Final year uni\Comp-3015-30-\camera.h(47,18): warning C4244: '=': conversion from 'int' to 'T', possible loss of data
C:\Users\gamin\Documents\Final year uni\Comp-3015-30-\camera.h(47,18): warning C4244:         with
C:\Users\gamin\Documents\Final year uni\Comp-3015-30-\camera.h(47,18): warning C4244:         [
C:\Users\gamin\Documents\Final year uni\Comp-3015-30-\camera.h(47,18): warning C4244:             T=float
C:\Users\gamin\Documents\Final year uni\Comp-3015-30-\camera.h(47,18): warning C4244:         ]
  (compiling source file 'scenebasic_uniform.cpp')
  
C:\Users\gamin\Documents\Final year uni\Comp-3015-30-\camera.h(52,18): warning C4244: '=': conversion from 'int' to 'T', possible loss of data
C:\Users\gamin\Documents\Final year uni\Comp-3015-30-\camera.h(52,18): warning C4244:         with
C:\Users\gamin\Documents\Final year uni\Comp-3015-30-\camera.h(52,18): warning C4244:         [
C:\Users\gamin\Documents\Final year uni\Comp-3015-30-\camera.h(52,18): warning C4244:             T=float
C:\Users\gamin\Documents\Final year uni\Comp-3015-30-\camera.h(52,18): warning C4244:         ]
  (compiling source file 'scenebasic_uniform.cpp')
  
C:\Users\gamin\Documents\Final year uni\Comp-3015-30-\camera.h(55,18): warning C4244: '=': conversion from 'int' to 'T', possible loss of data
C:\Users\gamin\Documents\Final year uni\Comp-3015-30-\camera.h(55,18): warning C4244:         with
C:\Users\gamin\Documents\Final year uni\Comp-3015-30-\camera.h(55,18): warning C4244:         [
C:\Users\gamin\Documents\Final year uni\Comp-3015-30-\camera.h(55,18): warning C4244:             T=float
C:\Users\gamin\Documents\Final year uni\Comp-3015-30-\camera.h(55,18): warning C4244:         ]
  (compiling source file 'scenebasic_uniform.cpp')
  
C:\Users\gamin\Documents\Final year uni\Comp-3015-30-\camera.h(60,18): warning C4244: '=': conversion from 'int' to 'T', possible loss of data
C:\Users\gamin\Documents\Final year uni\Comp-3015-30-\camera.h(60,18): warning C4244:         with
C:\Users\gamin\Documents\Final year uni\Comp-3015-30-\camera.h(60,18): warning C4244:         [
C:\Users\gamin\Documents\Final year uni\Comp-3015-30-\camera.h(60,18): warning C4244:             T=float
C:\Users\gamin\Documents\Final year uni\Comp-3015-30-\camera.h(60,18): warning C4244:         ]
  (compiling source file 'scenebasic_uniform.cpp')
  
C:\Users\gamin\Documents\Final year uni\Comp-3015-30-\camera.h(63,18): warning C4244: '=': conversion from 'int' to 'T', possible loss of data
C:\Users\gamin\Documents\Final year uni\Comp-3015-30-\camera.h(63,18): warning C4244:         with
C:\Users\gamin\Documents\Final year uni\Comp-3015-30-\camera.h(63,18): warning C4244:         [
C:\Users\gamin\Documents\Final year uni\Comp-3015-30-\camera.h(63,18): warning C4244:             T=float
C:\Users\gamin\Documents\Final year uni\Comp-3015-30-\camera.h(63,18): warning C4244:         ]
  (compiling source file 'scenebasic_uniform.cpp')
  
C:\Users\gamin\Documents\Final year uni\Comp-3015-30-\scenebasic_uniform.cpp(85,21): warning C4244: '=': conversion from 'int' to 'float', possible loss of data
C:\Users\gamin\Documents\Final year uni\Comp-3015-30-\scenebasic_uniform.cpp(120,17): warning C4244: 'argument': conversion from 'time_t' to 'unsigned int', possible loss of data
C:\Users\gamin\Documents\Final year uni\Comp-3015-30-\scenebasic_uniform.cpp(248,11): warning C4101: 'z': unreferenced local variable
C:\Users\gamin\Documents\Final year uni\Comp-3015-30-\scenebasic_uniform.cpp(248,8): warning C4101: 'x': unreferenced local variable
  Project_Template.vcxproj -> C:\Users\gamin\Documents\Final year uni\Comp-3015-30-\x64\Debug\Project_Template.exe
