c:\users\gamin\documents\final year uni\comp-3015-70\x64\debug\vc143.pdb
c:\users\gamin\documents\final year uni\comp-3015-70\x64\debug\vc143.idb
c:\users\gamin\documents\final year uni\comp-3015-70\x64\debug\glad.obj
c:\users\gamin\documents\final year uni\comp-3015-70\x64\debug\scenebasic_uniform.obj
c:\users\gamin\documents\final year uni\comp-3015-70\x64\debug\texture.obj
c:\users\gamin\documents\final year uni\comp-3015-70\x64\debug\cube.obj
c:\users\gamin\documents\final year uni\comp-3015-70\x64\debug\main.obj
c:\users\gamin\documents\final year uni\comp-3015-70\x64\debug\trianglemesh.obj
c:\users\gamin\documents\final year uni\comp-3015-70\x64\debug\torus.obj
c:\users\gamin\documents\final year uni\comp-3015-70\x64\debug\stb_image.obj
c:\users\gamin\documents\final year uni\comp-3015-70\x64\debug\skybox.obj
c:\users\gamin\documents\final year uni\comp-3015-70\x64\debug\objmesh.obj
c:\users\gamin\documents\final year uni\comp-3015-70\x64\debug\glutils.obj
c:\users\gamin\documents\final year uni\comp-3015-70\x64\debug\glslprogram.obj
c:\users\gamin\documents\final year uni\comp-3015-70\x64\debug\global.obj
c:\users\gamin\documents\final year uni\comp-3015-70\x64\debug\noisetex.obj
c:\users\gamin\documents\final year uni\comp-3015-70\x64\debug\plane.obj
c:\users\gamin\documents\final year uni\comp-3015-70\x64\debug\imgui_widgets.obj
c:\users\gamin\documents\final year uni\comp-3015-70\x64\debug\imgui_tables.obj
c:\users\gamin\documents\final year uni\comp-3015-70\x64\debug\imgui_draw.obj
c:\users\gamin\documents\final year uni\comp-3015-70\x64\debug\imgui_demo.obj
c:\users\gamin\documents\final year uni\comp-3015-70\x64\debug\imgui.obj
c:\users\gamin\documents\final year uni\comp-3015-70\x64\debug\imgui_impl_opengl3.obj
c:\users\gamin\documents\final year uni\comp-3015-70\x64\debug\imgui_impl_glfw.obj
c:\users\gamin\documents\final year uni\comp-3015-70\x64\debug\project_template.pdb
c:\users\gamin\documents\final year uni\comp-3015-70\x64\debug\project_template.tlog\cl.command.1.tlog
c:\users\gamin\documents\final year uni\comp-3015-70\x64\debug\project_template.tlog\cl.items.tlog
c:\users\gamin\documents\final year uni\comp-3015-70\x64\debug\project_template.tlog\cl.read.1.tlog
c:\users\gamin\documents\final year uni\comp-3015-70\x64\debug\project_template.tlog\cl.write.1.tlog
c:\users\gamin\documents\final year uni\comp-3015-70\x64\debug\project_template.tlog\link-cvtres.read.1.tlog
c:\users\gamin\documents\final year uni\comp-3015-70\x64\debug\project_template.tlog\link-cvtres.write.1.tlog
c:\users\gamin\documents\final year uni\comp-3015-70\x64\debug\project_template.tlog\link-rc.read.1.tlog
c:\users\gamin\documents\final year uni\comp-3015-70\x64\debug\project_template.tlog\link-rc.write.1.tlog
c:\users\gamin\documents\final year uni\comp-3015-70\x64\debug\project_template.tlog\link.36288-cvtres.read.1.tlog
c:\users\gamin\documents\final year uni\comp-3015-70\x64\debug\project_template.tlog\link.36288-cvtres.write.1.tlog
c:\users\gamin\documents\final year uni\comp-3015-70\x64\debug\project_template.tlog\link.36288-rc.read.1.tlog
c:\users\gamin\documents\final year uni\comp-3015-70\x64\debug\project_template.tlog\link.36288-rc.write.1.tlog
c:\users\gamin\documents\final year uni\comp-3015-70\x64\debug\project_template.tlog\link.36288.read.1.tlog
c:\users\gamin\documents\final year uni\comp-3015-70\x64\debug\project_template.tlog\link.36288.read.2.tlog
c:\users\gamin\documents\final year uni\comp-3015-70\x64\debug\project_template.tlog\link.36288.read.3.tlog
c:\users\gamin\documents\final year uni\comp-3015-70\x64\debug\project_template.tlog\link.36288.read.4.tlog
c:\users\gamin\documents\final year uni\comp-3015-70\x64\debug\project_template.tlog\link.36288.write.1.tlog
c:\users\gamin\documents\final year uni\comp-3015-70\x64\debug\project_template.tlog\link.command.1.tlog
c:\users\gamin\documents\final year uni\comp-3015-70\x64\debug\project_template.tlog\link.read.1.tlog
c:\users\gamin\documents\final year uni\comp-3015-70\x64\debug\project_template.tlog\link.read.2.tlog
c:\users\gamin\documents\final year uni\comp-3015-70\x64\debug\project_template.tlog\link.read.3.tlog
c:\users\gamin\documents\final year uni\comp-3015-70\x64\debug\project_template.tlog\link.read.4.tlog
c:\users\gamin\documents\final year uni\comp-3015-70\x64\debug\project_template.tlog\link.write.1.tlog
